Temp/gradleOut/unityLibrary/unity-android-resources/build/intermediates/manifest_merge_blame_file/release/manifest-merger-blame-release-report.txt
1<?xml version="1.0" encoding="utf-8"?>
2<manifest xmlns:android="http://schemas.android.com/apk/res/android"
3    package="com.yjbCompany.TekaalukClicker.resources"
4    android:versionCode="1"
5    android:versionName="1.0" >
6
7    <uses-sdk
7-->unityLibrary\unity-android-resources\AndroidManifest.xml:2:51-92
8        android:minSdkVersion="1"
8-->unityLibrary\unity-android-resources\AndroidManifest.xml:2:51-92
9        android:targetSdkVersion="29" />
9-->unityLibrary\unity-android-resources\AndroidManifest.xml:2:61-90
10
11</manifest>